Traceback (most recent call last):
  File "/usr/local/var/pyenv/versions/3.8.2/lib/python3.8/site-packages/jupyter_cache/executors/utils.py", line 51, in single_nb_execution
    executenb(
  File "/usr/local/var/pyenv/versions/3.8.2/lib/python3.8/site-packages/nbclient/client.py", line 1082, in execute
    return NotebookClient(nb=nb, resources=resources, km=km, **kwargs).execute()
  File "/usr/local/var/pyenv/versions/3.8.2/lib/python3.8/site-packages/nbclient/util.py", line 74, in wrapped
    return just_run(coro(*args, **kwargs))
  File "/usr/local/var/pyenv/versions/3.8.2/lib/python3.8/site-packages/nbclient/util.py", line 53, in just_run
    return loop.run_until_complete(coro)
  File "/usr/local/var/pyenv/versions/3.8.2/lib/python3.8/asyncio/base_events.py", line 616, in run_until_complete
    return future.result()
  File "/usr/local/var/pyenv/versions/3.8.2/lib/python3.8/site-packages/nbclient/client.py", line 535, in async_execute
    await self.async_execute_cell(
  File "/usr/local/var/pyenv/versions/3.8.2/lib/python3.8/site-packages/nbclient/client.py", line 827, in async_execute_cell
    self._check_raise_for_error(cell, exec_reply)
  File "/usr/local/var/pyenv/versions/3.8.2/lib/python3.8/site-packages/nbclient/client.py", line 735, in _check_raise_for_error
    raise CellExecutionError.from_cell_and_msg(cell, exec_reply['content'])
nbclient.exceptions.CellExecutionError: An error occurred while executing the following cell:
------------------
nsweeps = 10^7
interval_meas = 10
ntherm = nsweeps//10

numβ = 10
Ts_mc = collect(range(0.4, 0.5, length=numβ))
βs = 1 ./ Ts_mc

# Construct nβ replicas and accumulators
replicas = collect((MC.SpinState(s0) for _ in 1:numβ))
accumulators = collect((Meas.Accumulator() for _ in 1:numβ))

solve_rex!(replicas, accumulators, βs, nsweeps, ntherm, interval_meas, rng)
------------------

UndefVarError: s0 not defined

Stacktrace:
 [1] (::var"#2#3")(::Int64) at ./none:0
 [2] iterate at ./generator.jl:47 [inlined]
 [3] collect(::Base.Generator{UnitRange{Int64},var"#2#3"}) at ./array.jl:686
 [4] top-level scope at In[6]:10
 [5] include_string(::Function, ::Module, ::String, ::String) at ./loading.jl:1091
LoadError: UndefVarError: s0 not defined

